#
# There is insufficient memory for the Java Runtime Environment to continue.
# Native memory allocation (malloc) failed to allocate 32744 bytes for ChunkPool::allocate
# Possible reasons:
#   The system is out of physical RAM or swap space
#   The process is running with CompressedOops enabled, and the Java Heap may be blocking the growth of the native heap
# Possible solutions:
#   Reduce memory load on the system
#   Increase physical memory or swap space
#   Check if swap backing store is full
#   Decrease Java heap size (-Xmx/-Xms)
#   Decrease number of Java threads
#   Decrease Java thread stack sizes (-Xss)
#   Set larger code cache with -XX:ReservedCodeCacheSize=
#   JVM is running with Unscaled Compressed Oops mode in which the Java heap is
#     placed in the first 4GB address space. The Java Heap base address is the
#     maximum limit for the native heap growth. Please use -XX:HeapBaseMinAddress
#     to set the Java Heap base and to place the Java Heap above 4GB virtual address.
# This output file may be truncated or incomplete.
#
#  Out of Memory Error (arena.cpp:78), pid=20252, tid=18940
#
# JRE version: OpenJDK Runtime Environment Temurin-17.0.1+12 (17.0.1+12) (build 17.0.1+12)
# Java VM: OpenJDK 64-Bit Server VM Temurin-17.0.1+12 (17.0.1+12, mixed mode, tiered, compressed oops, compressed class ptrs, g1 gc, windows-amd64)
# No core dump will be written. Minidumps are not enabled by default on client versions of Windows
#

---------------  S U M M A R Y ------------

Command Line: -Dhikari.data-source-properties.oracle.net.tns_admin=E:\oracle\wallet -Dfile.encoding=UTF-8 -XX:+ShowCodeDetailsInExceptionMessages com.beuticlick.BeutiClickApplication

Host: Intel(R) Core(TM) i7-8550U CPU @ 1.80GHz, 8 cores, 7G,  Windows 10 , 64 bit Build 26100 (10.0.26100.7705)
Time: Sun Mar 29 00:07:48 2026 India Standard Time elapsed time: 13.804834 seconds (0d 0h 0m 13s)

---------------  T H R E A D  ---------------

Current thread (0x000001a47737c0d0):  JavaThread "main" [_thread_in_vm, id=18940, stack(0x0000003386000000,0x0000003386100000)]

Stack: [0x0000003386000000,0x0000003386100000]
Native frames: (J=compiled Java code, j=interpreted, Vv=VM code, C=native code)
V  [jvm.dll+0x6744da]
V  [jvm.dll+0x82e144]
V  [jvm.dll+0x82f8ee]
V  [jvm.dll+0x82ff53]
V  [jvm.dll+0x245175]
V  [jvm.dll+0xabaa0]
V  [jvm.dll+0xabdec]
V  [jvm.dll+0x1e8045]
V  [jvm.dll+0x1ead73]
V  [jvm.dll+0x1e0261]
V  [jvm.dll+0x53b150]
V  [jvm.dll+0x7a9378]
V  [jvm.dll+0x7a9464]
V  [jvm.dll+0x40bfd5]
V  [jvm.dll+0x4121c8]
C  [java.dll+0x17ec]

Java frames: (J=compiled Java code, j=interpreted, Vv=VM code)
J 712  java.lang.ClassLoader.defineClass1(Ljava/lang/ClassLoader;Ljava/lang/String;[BIILjava/security/ProtectionDomain;Ljava/lang/String;)Ljava/lang/Class; java.base@17.0.1 (0 bytes) @ 0x000001a407b0d15b [0x000001a407b0d0a0+0x00000000000000bb]
J 4527 c2 java.security.SecureClassLoader.defineClass(Ljava/lang/String;[BIILjava/security/CodeSource;)Ljava/lang/Class; java.base@17.0.1 (16 bytes) @ 0x000001a407dc6f90 [0x000001a407dc68e0+0x00000000000006b0]
J 3945 c2 jdk.internal.loader.BuiltinClassLoader.findClassOnClassPathOrNull(Ljava/lang/String;)Ljava/lang/Class; java.base@17.0.1 (64 bytes) @ 0x000001a407d5c900 [0x000001a407d59360+0x00000000000035a0]
J 2488 c2 jdk.internal.loader.BuiltinClassLoader.loadClassOrNull(Ljava/lang/String;Z)Ljava/lang/Class; java.base@17.0.1 (143 bytes) @ 0x000001a407c0bc90 [0x000001a407c0a4e0+0x00000000000017b0]
J 3905 c2 java.lang.ClassLoader.loadClass(Ljava/lang/String;)Ljava/lang/Class; java.base@17.0.1 (7 bytes) @ 0x000001a407d1ecac [0x000001a407d1ec40+0x000000000000006c]
v  ~StubRoutines::call_stub
J 712  java.lang.ClassLoader.defineClass1(Ljava/lang/ClassLoader;Ljava/lang/String;[BIILjava/security/ProtectionDomain;Ljava/lang/String;)Ljava/lang/Class; java.base@17.0.1 (0 bytes) @ 0x000001a407b0d15b [0x000001a407b0d0a0+0x00000000000000bb]
J 4527 c2 java.security.SecureClassLoader.defineClass(Ljava/lang/String;[BIILjava/security/CodeSource;)Ljava/lang/Class; java.base@17.0.1 (16 bytes) @ 0x000001a407dc6f90 [0x000001a407dc68e0+0x00000000000006b0]
J 3945 c2 jdk.internal.loader.BuiltinClassLoader.findClassOnClassPathOrNull(Ljava/lang/String;)Ljava/lang/Class; java.base@17.0.1 (64 bytes) @ 0x000001a407d5c900 [0x000001a407d59360+0x00000000000035a0]
J 2488 c2 jdk.internal.loader.BuiltinClassLoader.loadClassOrNull(Ljava/lang/String;Z)Ljava/lang/Class; java.base@17.0.1 (143 bytes) @ 0x000001a407c0bc90 [0x000001a407c0a4e0+0x00000000000017b0]
J 3905 c2 java.lang.ClassLoader.loadClass(Ljava/lang/String;)Ljava/lang/Class; java.base@17.0.1 (7 bytes) @ 0x000001a407d1ecac [0x000001a407d1ec40+0x000000000000006c]
v  ~StubRoutines::call_stub
j  org.hibernate.query.sqm.internal.SqmCriteriaNodeBuilder.createQuery(Ljava/lang/Class;)Lorg/hibernate/query/sqm/tree/select/SqmSelectStatement;+0
j  org.hibernate.query.sqm.internal.SqmCriteriaNodeBuilder.createQuery(Ljava/lang/Class;)Ljakarta/persistence/criteria/CriteriaQuery;+2
j  org.springframework.data.jpa.repository.query.JpaCountQueryCreator.createCriteriaQuery(Ljakarta/persistence/criteria/CriteriaBuilder;Lorg/springframework/data/repository/query/ReturnedType;)Ljakarta/persistence/criteria/CriteriaQuery;+3
j  org.springframework.data.jpa.repository.query.JpaQueryCreator.<init>(Lorg/springframework/data/repository/query/parser/PartTree;Lorg/springframework/data/repository/query/ReturnedType;Ljakarta/persistence/criteria/CriteriaBuilder;Lorg/springframework/data/jpa/repository/query/ParameterMetadataProvider;)V+13
j  org.springframework.data.jpa.repository.query.JpaCountQueryCreator.<init>(Lorg/springframework/data/repository/query/parser/PartTree;Lorg/springframework/data/repository/query/ReturnedType;Ljakarta/persistence/criteria/CriteriaBuilder;Lorg/springframework/data/jpa/repository/query/ParameterMetadataProvider;)V+6
j  org.springframework.data.jpa.repository.query.PartTreeJpaQuery$CountQueryPreparer.createCreator(Lorg/springframework/data/jpa/repository/query/JpaParametersParameterAccessor;)Lorg/springframework/data/jpa/repository/query/JpaQueryCreator;+91
j  org.springframework.data.jpa.repository.query.PartTreeJpaQuery$QueryPreparer.<init>(Lorg/springframework/data/jpa/repository/query/PartTreeJpaQuery;Z)V+22
j  org.springframework.data.jpa.repository.query.PartTreeJpaQuery$CountQueryPreparer.<init>(Lorg/springframework/data/jpa/repository/query/PartTreeJpaQuery;Z)V+8
j  org.springframework.data.jpa.repository.query.PartTreeJpaQuery.<init>(Lorg/springframework/data/jpa/repository/query/JpaQueryMethod;Ljakarta/persistence/EntityManager;Lorg/springframework/data/jpa/repository/query/EscapeCharacter;)V+143
j  org.springframework.data.jpa.repository.query.JpaQueryLookupStrategy$CreateQueryLookupStrategy.resolveQuery(Lorg/springframework/data/jpa/repository/query/JpaQueryMethod;Lorg/springframework/data/jpa/repository/QueryRewriter;Ljakarta/persistence/EntityManager;Lorg/springframework/data/repository/core/NamedQueries;)Lorg/springframework/data/repository/query/RepositoryQuery;+10
j  org.springframework.data.jpa.repository.query.JpaQueryLookupStrategy$CreateIfNotFoundQueryLookupStrategy.resolveQuery(Lorg/springframework/data/jpa/repository/query/JpaQueryMethod;Lorg/springframework/data/jpa/repository/QueryRewriter;Ljakarta/persistence/EntityManager;Lorg/springframework/data/repository/core/NamedQueries;)Lorg/springframework/data/repository/query/RepositoryQuery;+34
j  org.springframework.data.jpa.repository.query.JpaQueryLookupStrategy$AbstractQueryLookupStrategy.resolveQuery(Ljava/lang/reflect/Method;Lorg/springframework/data/repository/core/RepositoryMetadata;Lorg/springframework/data/projection/ProjectionFactory;Lorg/springframework/data/repository/core/NamedQueries;)Lorg/springframework/data/repository/query/RepositoryQuery;+34
j  org.springframework.data.repository.core.support.QueryExecutorMethodInterceptor.lookupQuery(Ljava/lang/reflect/Method;Lorg/springframework/data/repository/core/RepositoryInformation;Lorg/springframework/data/repository/query/QueryLookupStrategy;Lorg/springframework/data/projection/ProjectionFactory;)Lorg/springframework/data/util/Pair;+10
j  org.springframework.data.repository.core.support.QueryExecutorMethodInterceptor.mapMethodsToQuery(Lorg/springframework/data/repository/core/RepositoryInformation;Lorg/springframework/data/repository/query/QueryLookupStrategy;Lorg/springframework/data/projection/ProjectionFactory;)Ljava/util/Map;+50
j  org.springframework.data.repository.core.support.QueryExecutorMethodInterceptor.lambda$new$0(Lorg/springframework/data/repository/core/RepositoryInformation;Lorg/springframework/data/projection/ProjectionFactory;Lorg/springframework/data/repository/query/QueryLookupStrategy;)Ljava/util/Map;+4
j  org.springframework.data.repository.core.support.QueryExecutorMethodInterceptor$$Lambda$1265+0x0000000100a25c20.apply(Ljava/lang/Object;)Ljava/lang/Object;+16
J 6208 c1 java.util.Optional.map(Ljava/util/function/Function;)Ljava/util/Optional; java.base@17.0.1 (30 bytes) @ 0x000001a400d8da6c [0x000001a400d8d820+0x000000000000024c]
j  org.springframework.data.repository.core.support.QueryExecutorMethodInterceptor.<init>(Lorg/springframework/data/repository/core/RepositoryInformation;Lorg/springframework/data/projection/ProjectionFactory;Ljava/util/Optional;Lorg/springframework/data/repository/core/NamedQueries;Ljava/util/List;Ljava/util/List;)V+111
j  org.springframework.data.repository.core.support.RepositoryFactorySupport.getRepository(Ljava/lang/Class;Lorg/springframework/data/repository/core/support/RepositoryComposition$RepositoryFragments;)Ljava/lang/Object;+415
j  org.springframework.data.repository.core.support.RepositoryFactoryBeanSupport.lambda$afterPropertiesSet$5(Lorg/springframework/data/repository/core/support/RepositoryComposition$RepositoryFragments;)Lorg/springframework/data/repository/Repository;+9
j  org.springframework.data.repository.core.support.RepositoryFactoryBeanSupport$$Lambda$1131+0x0000000100a01aa8.get()Ljava/lang/Object;+8
j  org.springframework.data.util.Lazy.getNullable()Ljava/lang/Object;+17
j  org.springframework.data.util.Lazy.get()Ljava/lang/Object;+1
j  org.springframework.data.repository.core.support.RepositoryFactoryBeanSupport.afterPropertiesSet()V+232
j  org.springframework.data.jpa.repository.support.JpaRepositoryFactoryBean.afterPropertiesSet()V+18
j  org.springframework.beans.factory.support.AbstractAutowireCapableBeanFactory.invokeInitMethods(Ljava/lang/String;Ljava/lang/Object;Lorg/springframework/beans/factory/support/RootBeanDefinition;)V+56
j  org.springframework.beans.factory.support.AbstractAutowireCapableBeanFactory.initializeBean(Ljava/lang/String;Ljava/lang/Object;Lorg/springframework/beans/factory/support/RootBeanDefinition;)Ljava/lang/Object;+34
j  org.springframework.beans.factory.support.AbstractAutowireCapableBeanFactory.doCreateBean(Ljava/lang/String;Lorg/springframework/beans/factory/support/RootBeanDefinition;[Ljava/lang/Object;)Ljava/lang/Object;+228
j  org.springframework.beans.factory.support.AbstractAutowireCapableBeanFactory.createBean(Ljava/lang/String;Lorg/springframework/beans/factory/support/RootBeanDefinition;[Ljava/lang/Object;)Ljava/lang/Object;+153
j  org.springframework.beans.factory.support.AbstractBeanFactory.lambda$doGetBean$0(Ljava/lang/String;Lorg/springframework/beans/factory/support/RootBeanDefinition;[Ljava/lang/Object;)Ljava/lang/Object;+4
j  org.springframework.beans.factory.support.AbstractBeanFactory$$Lambda$267+0x00000001002921d0.getObject()Ljava/lang/Object;+16
j  org.springframework.beans.factory.support.DefaultSingletonBeanRegistry.getSingleton(Ljava/lang/String;Lorg/springframework/beans/factory/ObjectFactory;)Ljava/lang/Object;+114
J 2374 c1 org.springframework.beans.factory.support.AbstractBeanFactory.doGetBean(Ljava/lang/String;Ljava/lang/Class;[Ljava/lang/Object;Z)Ljava/lang/Object; (740 bytes) @ 0x000001a400a2f20c [0x000001a400a2d040+0x00000000000021cc]
j  org.springframework.beans.factory.support.AbstractBeanFactory.getBean(Ljava/lang/String;)Ljava/lang/Object;+5
j  org.springframework.beans.factory.config.DependencyDescriptor.resolveCandidate(Ljava/lang/String;Ljava/lang/Class;Lorg/springframework/beans/factory/BeanFactory;)Ljava/lang/Object;+2
j  org.springframework.beans.factory.support.DefaultListableBeanFactory.doResolveDependency(Lorg/springframework/beans/factory/config/DependencyDescriptor;Ljava/lang/String;Ljava/util/Set;Lorg/springframework/beans/TypeConverter;)Ljava/lang/Object;+473
j  org.springframework.beans.factory.support.DefaultListableBeanFactory.resolveDependency(Lorg/springframework/beans/factory/config/DependencyDescriptor;Ljava/lang/String;Ljava/util/Set;Lorg/springframework/beans/TypeConverter;)Ljava/lang/Object;+117
j  org.springframework.beans.factory.support.ConstructorResolver.resolveAutowiredArgument(Lorg/springframework/beans/factory/config/DependencyDescriptor;Ljava/lang/Class;Ljava/lang/String;Ljava/util/Set;Lorg/springframework/beans/TypeConverter;Z)Ljava/lang/Object;+53
j  org.springframework.beans.factory.support.ConstructorResolver.createArgumentArray(Ljava/lang/String;Lorg/springframework/beans/factory/support/RootBeanDefinition;Lorg/springframework/beans/factory/config/ConstructorArgumentValues;Lorg/springframework/beans/BeanWrapper;[Ljava/lang/Class;[Ljava/lang/String;Ljava/lang/reflect/Executable;ZZ)Lorg/springframework/beans/factory/support/ConstructorResolver$ArgumentsHolder;+420
j  org.springframework.beans.factory.support.ConstructorResolver.autowireConstructor(Ljava/lang/String;Lorg/springframework/beans/factory/support/RootBeanDefinition;[Ljava/lang/reflect/Constructor;[Ljava/lang/Object;)Lorg/springframework/beans/BeanWrapper;+530
j  org.springframework.beans.factory.support.AbstractAutowireCapableBeanFactory.autowireConstructor(Ljava/lang/String;Lorg/springframework/beans/factory/support/RootBeanDefinition;[Ljava/lang/reflect/Constructor;[Ljava/lang/Object;)Lorg/springframework/beans/BeanWrapper;+13
j  org.springframework.beans.factory.support.AbstractAutowireCapableBeanFactory.createBeanInstance(Ljava/lang/String;Lorg/springframework/beans/factory/support/RootBeanDefinition;[Ljava/lang/Object;)Lorg/springframework/beans/BeanWrapper;+209
j  org.springframework.beans.factory.support.AbstractAutowireCapableBeanFactory.doCreateBean(Ljava/lang/String;Lorg/springframework/beans/factory/support/RootBeanDefinition;[Ljava/lang/Object;)Ljava/lang/Object;+34
j  org.springframework.beans.factory.support.AbstractAutowireCapableBeanFactory.createBean(Ljava/lang/String;Lorg/springframework/beans/factory/support/RootBeanDefinition;[Ljava/lang/Object;)Ljava/lang/Object;+153
j  org.springframework.beans.factory.support.AbstractBeanFactory.lambda$doGetBean$0(Ljava/lang/String;Lorg/springframework/beans/factory/support/RootBeanDefinition;[Ljava/lang/Object;)Ljava/lang/Object;+4
j  org.springframework.beans.factory.support.AbstractBeanFactory$$Lambda$267+0x00000001002921d0.getObject()Ljava/lang/Object;+16
j  org.springframework.beans.factory.support.DefaultSingletonBeanRegistry.getSingleton(Ljava/lang/String;Lorg/springframework/beans/factory/ObjectFactory;)Ljava/lang/Object;+114
J 2374 c1 org.springframework.beans.factory.support.AbstractBeanFactory.doGetBean(Ljava/lang/String;Ljava/lang/Class;[Ljava/lang/Object;Z)Ljava/lang/Object; (740 bytes) @ 0x000001a400a2f20c [0x000001a400a2d040+0x00000000000021cc]
j  org.springframework.beans.factory.support.AbstractBeanFactory.getBean(Ljava/lang/String;)Ljava/lang/Object;+5
j  org.springframework.beans.factory.config.DependencyDescriptor.resolveCandidate(Ljava/lang/String;Ljava/lang/Class;Lorg/springframework/beans/factory/BeanFactory;)Ljava/lang/Object;+2
j  org.springframework.beans.factory.support.DefaultListableBeanFactory.doResolveDependency(Lorg/springframework/beans/factory/config/DependencyDescriptor;Ljava/lang/String;Ljava/util/Set;Lorg/springframework/beans/TypeConverter;)Ljava/lang/Object;+473
j  org.springframework.beans.factory.support.DefaultListableBeanFactory.resolveDependency(Lorg/springframework/beans/factory/config/DependencyDescriptor;Ljava/lang/String;Ljava/util/Set;Lorg/springframework/beans/TypeConverter;)Ljava/lang/Object;+117
j  org.springframework.beans.factory.support.ConstructorResolver.resolveAutowiredArgument(Lorg/springframework/beans/factory/config/DependencyDescriptor;Ljava/lang/Class;Ljava/lang/String;Ljava/util/Set;Lorg/springframework/beans/TypeConverter;Z)Ljava/lang/Object;+53
j  org.springframework.beans.factory.support.ConstructorResolver.createArgumentArray(Ljava/lang/String;Lorg/springframework/beans/factory/support/RootBeanDefinition;Lorg/springframework/beans/factory/config/ConstructorArgumentValues;Lorg/springframework/beans/BeanWrapper;[Ljava/lang/Class;[Ljava/lang/String;Ljava/lang/reflect/Executable;ZZ)Lorg/springframework/beans/factory/support/ConstructorResolver$ArgumentsHolder;+420
j  org.springframework.beans.factory.support.ConstructorResolver.autowireConstructor(Ljava/lang/String;Lorg/springframework/beans/factory/support/RootBeanDefinition;[Ljava/lang/reflect/Constructor;[Ljava/lang/Object;)Lorg/springframework/beans/BeanWrapper;+530
j  org.springframework.beans.factory.support.AbstractAutowireCapableBeanFactory.autowireConstructor(Ljava/lang/String;Lorg/springframework/beans/factory/support/RootBeanDefinition;[Ljava/lang/reflect/Constructor;[Ljava/lang/Object;)Lorg/springframework/beans/BeanWrapper;+13
j  org.springframework.beans.factory.support.AbstractAutowireCapableBeanFactory.createBeanInstance(Ljava/lang/String;Lorg/springframework/beans/factory/support/RootBeanDefinition;[Ljava/lang/Object;)Lorg/springframework/beans/BeanWrapper;+209
j  org.springframework.beans.factory.support.AbstractAutowireCapableBeanFactory.doCreateBean(Ljava/lang/String;Lorg/springframework/beans/factory/support/RootBeanDefinition;[Ljava/lang/Object;)Ljava/lang/Object;+34
j  org.springframework.beans.factory.support.AbstractAutowireCapableBeanFactory.createBean(Ljava/lang/String;Lorg/springframework/beans/factory/support/RootBeanDefinition;[Ljava/lang/Object;)Ljava/lang/Object;+153
j  org.springframework.beans.factory.support.AbstractBeanFactory.lambda$doGetBean$0(Ljava/lang/String;Lorg/springframework/beans/factory/support/RootBeanDefinition;[Ljava/lang/Object;)Ljava/lang/Object;+4
j  org.springframework.beans.factory.support.AbstractBeanFactory$$Lambda$267+0x00000001002921d0.getObject()Ljava/lang/Object;+16
j  org.springframework.beans.factory.support.DefaultSingletonBeanRegistry.getSingleton(Ljava/lang/String;Lorg/springframework/beans/factory/ObjectFactory;)Ljava/lang/Object;+114
J 2374 c1 org.springframework.beans.factory.support.AbstractBeanFactory.doGetBean(Ljava/lang/String;Ljava/lang/Class;[Ljava/lang/Object;Z)Ljava/lang/Object; (740 bytes) @ 0x000001a400a2f20c [0x000001a400a2d040+0x00000000000021cc]
j  org.springframework.beans.factory.support.AbstractBeanFactory.getBean(Ljava/lang/String;)Ljava/lang/Object;+5
j  org.springframework.beans.factory.support.DefaultListableBeanFactory.preInstantiateSingletons()V+152
j  org.springframework.context.support.AbstractApplicationContext.finishBeanFactoryInitialization(Lorg/springframework/beans/factory/config/ConfigurableListableBeanFactory;)V+130
j  org.springframework.context.support.AbstractApplicationContext.refresh()V+94
j  org.springframework.boot.web.servlet.context.ServletWebServerApplicationContext.refresh()V+1
j  org.springframework.boot.SpringApplication.refresh(Lorg/springframework/context/ConfigurableApplicationContext;)V+1
j  org.springframework.boot.SpringApplication.refreshContext(Lorg/springframework/context/ConfigurableApplicationContext;)V+16
j  org.springframework.boot.SpringApplication.run([Ljava/lang/String;)Lorg/springframework/context/ConfigurableApplicationContext;+110
j  org.springframework.boot.SpringApplication.run([Ljava/lang/Class;[Ljava/lang/String;)Lorg/springframework/context/ConfigurableApplicationContext;+9
j  org.springframework.boot.SpringApplication.run(Ljava/lang/Class;[Ljava/lang/String;)Lorg/springframework/context/ConfigurableApplicationContext;+9
j  com.beuticlick.BeutiClickApplication.main([Ljava/lang/String;)V+3
v  ~StubRoutines::call_stub

---------------  P R O C E S S  ---------------

Threads class SMR info:
_java_thread_list=0x000001a41af94780, length=23, elements={
0x000001a47737c0d0, 0x000001a413c55250, 0x000001a41323fc20, 0x000001a41325fa40,
0x000001a413c6a3e0, 0x000001a413c6c820, 0x000001a413c6dc50, 0x000001a413c6f3b0,
0x000001a413c85970, 0x000001a413c86270, 0x000001a413df9010, 0x000001a413e13310,
0x000001a41740eec0, 0x000001a41740d6b0, 0x000001a41740b9d0, 0x000001a41740e520,
0x000001a41740c370, 0x000001a41740c840, 0x000001a41740db80, 0x000001a41740e050,
0x000001a41740e9f0, 0x000001a417bc73f0, 0x000001a417bc64c0
}

Java Threads: ( => current thread )
=>0x000001a47737c0d0 JavaThread "main" [_thread_in_vm, id=18940, stack(0x0000003386000000,0x0000003386100000)]
  0x000001a413c55250 JavaThread "Reference Handler" daemon [_thread_blocked, id=15464, stack(0x0000003386700000,0x0000003386800000)]
  0x000001a41323fc20 JavaThread "Finalizer" daemon [_thread_blocked, id=19380, stack(0x0000003386800000,0x0000003386900000)]
  0x000001a41325fa40 JavaThread "Signal Dispatcher" daemon [_thread_blocked, id=13256, stack(0x0000003386900000,0x0000003386a00000)]
  0x000001a413c6a3e0 JavaThread "Attach Listener" daemon [_thread_blocked, id=20100, stack(0x0000003386a00000,0x0000003386b00000)]
  0x000001a413c6c820 JavaThread "Service Thread" daemon [_thread_blocked, id=18340, stack(0x0000003386b00000,0x0000003386c00000)]
  0x000001a413c6dc50 JavaThread "Monitor Deflation Thread" daemon [_thread_blocked, id=20568, stack(0x0000003386c00000,0x0000003386d00000)]
  0x000001a413c6f3b0 JavaThread "C2 CompilerThread0" daemon [_thread_in_native, id=19996, stack(0x0000003386d00000,0x0000003386e00000)]
  0x000001a413c85970 JavaThread "C1 CompilerThread0" daemon [_thread_blocked, id=21476, stack(0x0000003386e00000,0x0000003386f00000)]
  0x000001a413c86270 JavaThread "Sweeper thread" daemon [_thread_blocked, id=5020, stack(0x0000003386f00000,0x0000003387000000)]
  0x000001a413df9010 JavaThread "Notification Thread" daemon [_thread_blocked, id=18336, stack(0x0000003387000000,0x0000003387100000)]
  0x000001a413e13310 JavaThread "Common-Cleaner" daemon [_thread_blocked, id=20496, stack(0x0000003387200000,0x0000003387300000)]
  0x000001a41740eec0 JavaThread "Catalina-utility-1" [_thread_blocked, id=7364, stack(0x0000003387800000,0x0000003387900000)]
  0x000001a41740d6b0 JavaThread "Catalina-utility-2" [_thread_blocked, id=8140, stack(0x0000003387e00000,0x0000003387f00000)]
  0x000001a41740b9d0 JavaThread "container-0" [_thread_blocked, id=20364, stack(0x0000003387f00000,0x0000003388000000)]
  0x000001a41740e520 JavaThread "oracle.jdbc.diagnostics.Diagnostic.CLOCK" daemon [_thread_blocked, id=9116, stack(0x0000003388000000,0x0000003388100000)]
  0x000001a41740c370 JavaThread "oracle.jdbc.driver.BlockSource.ThreadedCachingBlockSource.BlockReleaser" daemon [_thread_blocked, id=20692, stack(0x0000003387d00000,0x0000003387e00000)]
  0x000001a41740c840 JavaThread "InterruptTimer" daemon [_thread_blocked, id=17144, stack(0x0000003388300000,0x0000003388400000)]
  0x000001a41740db80 JavaThread "OJDBC-WORKER-THREAD-1" daemon [_thread_blocked, id=17984, stack(0x0000003388400000,0x0000003388500000)]
  0x000001a41740e050 JavaThread "HikariPool-1 housekeeper" daemon [_thread_blocked, id=16044, stack(0x0000003388500000,0x0000003388600000)]
  0x000001a41740e9f0 JavaThread "HikariPool-1 connection adder" daemon [_thread_blocked, id=16148, stack(0x0000003388600000,0x0000003388700000)]
  0x000001a417bc73f0 JavaThread "C2 CompilerThread1" daemon [_thread_in_native, id=21192, stack(0x0000003387300000,0x0000003387400000)]
  0x000001a417bc64c0 JavaThread "C2 CompilerThread2" daemon [_thread_in_native, id=20524, stack(0x0000003388200000,0x0000003388300000)]

Other Threads:
  0x000001a413c43c20 VMThread "VM Thread" [stack: 0x0000003386600000,0x0000003386700000] [id=19048]
  0x000001a4773dd520 WatcherThread [stack: 0x0000003387100000,0x0000003387200000] [id=21324]
  0x000001a4773bc170 GCTaskThread "GC Thread#0" [stack: 0x0000003386100000,0x0000003386200000] [id=15688]
  0x000001a415645d40 GCTaskThread "GC Thread#1" [stack: 0x0000003387400000,0x0000003387500000] [id=18712]
  0x000001a415645ff0 GCTaskThread "GC Thread#2" [stack: 0x0000003387500000,0x0000003387600000] [id=2784]
  0x000001a415646800 GCTaskThread "GC Thread#3" [stack: 0x0000003387600000,0x0000003387700000] [id=13844]
  0x000001a415647820 GCTaskThread "GC Thread#4" [stack: 0x0000003387700000,0x0000003387800000] [id=21364]
  0x000001a415646d60 GCTaskThread "GC Thread#5" [stack: 0x0000003387900000,0x0000003387a00000] [id=18760]
  0x000001a415646550 GCTaskThread "GC Thread#6" [stack: 0x0000003387a00000,0x0000003387b00000] [id=19820]
  0x000001a415647010 GCTaskThread "GC Thread#7" [stack: 0x0000003387b00000,0x0000003387c00000] [id=7920]
  0x000001a4773ce120 ConcurrentGCThread "G1 Main Marker" [stack: 0x0000003386200000,0x0000003386300000] [id=18156]
  0x000001a4773cff40 ConcurrentGCThread "G1 Conc#0" [stack: 0x0000003386300000,0x0000003386400000] [id=16764]
  0x000001a4156472c0 ConcurrentGCThread "G1 Conc#1" [stack: 0x0000003387c00000,0x0000003387d00000] [id=17188]
  0x000001a47743d040 ConcurrentGCThread "G1 Refine#0" [stack: 0x0000003386400000,0x0000003386500000] [id=15736]
  0x000001a47743da60 ConcurrentGCThread "G1 Service" [stack: 0x0000003386500000,0x0000003386600000] [id=19424]

Threads with active compile tasks:
C2 CompilerThread0    13838 6164       4       org.springframework.core.annotation.TypeMappedAnnotations::get (8 bytes)
C2 CompilerThread1    13838 6148   !   4       org.springframework.core.annotation.AnnotationsScanner::processClassHierarchy (234 bytes)
C2 CompilerThread2    13838 6170       4       org.springframework.core.annotation.AnnotationsScanner::scan (21 bytes)

VM state: not at safepoint (normal execution)

VM Mutex/Monitor currently owned by a thread: None

Heap address: 0x0000000082000000, size: 2016 MB, Compressed Oops mode: 32-bit

CDS archive(s) not mapped
Compressed class space mapped at: 0x0000000100000000-0x0000000140000000, reserved size: 1073741824
Narrow klass base: 0x0000000000000000, Narrow klass shift: 3, Narrow klass range: 0x140000000

GC Precious Log:
 CPUs: 8 total, 8 available
 Memory: 8063M
 Large Page Support: Disabled
 NUMA Support: Disabled
 Compressed Oops: Enabled (32-bit)
 Heap Region Size: 1M
 Heap Min Capacity: 8M
 Heap Initial Capacity: 126M
 Heap Max Capacity: 2016M
 Pre-touch: Disabled
 Parallel Workers: 8
 Concurrent Workers: 2
 Concurrent Refinement Workers: 8
 Periodic GC: Disabled

Heap:
 garbage-first heap   total 61440K, used 46029K [0x0000000082000000, 0x0000000100000000)
  region size 1024K, 24 young (24576K), 4 survivors (4096K)
 Metaspace       used 79260K, committed 79808K, reserved 1122304K
  class space    used 10242K, committed 10496K, reserved 1048576K

Heap Regions: E=young(eden), S=young(survivor), O=old, HS=humongous(starts), HC=humongous(continues), CS=collection set, F=free, OA=open archive, CA=closed archive, TAMS=top-at-mark-start (previous, next)
|   0|0x0000000082000000, 0x0000000082100000, 0x0000000082100000|100%|HS|  |TAMS 0x0000000082100000, 0x0000000082000000| Complete 
|   1|0x0000000082100000, 0x0000000082200000, 0x0000000082200000|100%| O|  |TAMS 0x0000000082200000, 0x0000000082100000| Untracked 
|   2|0x0000000082200000, 0x0000000082300000, 0x0000000082300000|100%| O|  |TAMS 0x0000000082300000, 0x0000000082200000| Untracked 
|   3|0x0000000082300000, 0x0000000082400000, 0x0000000082400000|100%| O|  |TAMS 0x0000000082400000, 0x0000000082300000| Untracked 
|   4|0x0000000082400000, 0x0000000082500000, 0x0000000082500000|100%| O|  |TAMS 0x0000000082500000, 0x0000000082400000| Untracked 
|   5|0x0000000082500000, 0x0000000082600000, 0x0000000082600000|100%| O|  |TAMS 0x0000000082600000, 0x0000000082500000| Untracked 
|   6|0x0000000082600000, 0x00000000826dea00, 0x0000000082700000| 86%| O|  |TAMS 0x00000000826dea00, 0x0000000082600000| Untracked 
|   7|0x0000000082700000, 0x0000000082800000, 0x0000000082800000|100%| O|  |TAMS 0x0000000082800000, 0x0000000082700000| Untracked 
|   8|0x0000000082800000, 0x0000000082900000, 0x0000000082900000|100%| O|  |TAMS 0x0000000082900000, 0x0000000082800000| Untracked 
|   9|0x0000000082900000, 0x0000000082a00000, 0x0000000082a00000|100%| O|  |TAMS 0x0000000082a00000, 0x0000000082900000| Untracked 
|  10|0x0000000082a00000, 0x0000000082b00000, 0x0000000082b00000|100%| O|  |TAMS 0x0000000082b00000, 0x0000000082a00000| Untracked 
|  11|0x0000000082b00000, 0x0000000082c00000, 0x0000000082c00000|100%| O|  |TAMS 0x0000000082c00000, 0x0000000082b00000| Untracked 
|  12|0x0000000082c00000, 0x0000000082d00000, 0x0000000082d00000|100%| O|  |TAMS 0x0000000082d00000, 0x0000000082c00000| Untracked 
|  13|0x0000000082d00000, 0x0000000082e00000, 0x0000000082e00000|100%| O|  |TAMS 0x0000000082e00000, 0x0000000082d00000| Untracked 
|  14|0x0000000082e00000, 0x0000000082f00000, 0x0000000082f00000|100%| O|  |TAMS 0x0000000082f00000, 0x0000000082e00000| Untracked 
|  15|0x0000000082f00000, 0x0000000082fa8400, 0x0000000083000000| 65%| O|  |TAMS 0x0000000082fa8400, 0x0000000082f00000| Untracked 
|  16|0x0000000083000000, 0x0000000083100000, 0x0000000083100000|100%| O|  |TAMS 0x0000000083100000, 0x0000000083000000| Untracked 
|  17|0x0000000083100000, 0x0000000083200000, 0x0000000083200000|100%| O|  |TAMS 0x0000000083200000, 0x0000000083100000| Untracked 
|  18|0x0000000083200000, 0x0000000083300000, 0x0000000083300000|100%| O|  |TAMS 0x0000000083300000, 0x0000000083200000| Untracked 
|  19|0x0000000083300000, 0x0000000083400000, 0x0000000083400000|100%| O|  |TAMS 0x000000008331de00, 0x0000000083300000| Untracked 
|  20|0x0000000083400000, 0x0000000083500000, 0x0000000083500000|100%| O|  |TAMS 0x0000000083400000, 0x0000000083400000| Untracked 
|  21|0x0000000083500000, 0x0000000083600000, 0x0000000083600000|100%| O|  |TAMS 0x0000000083500000, 0x0000000083500000| Untracked 
|  22|0x0000000083600000, 0x0000000083700000, 0x0000000083700000|100%| O|  |TAMS 0x0000000083600000, 0x0000000083600000| Untracked 
|  23|0x0000000083700000, 0x000000008375c200, 0x0000000083800000| 35%| O|  |TAMS 0x0000000083700000, 0x0000000083700000| Untracked 
|  24|0x0000000083800000, 0x0000000083800000, 0x0000000083900000|  0%| F|  |TAMS 0x0000000083800000, 0x0000000083800000| Untracked 
|  25|0x0000000083900000, 0x0000000083900000, 0x0000000083a00000|  0%| F|  |TAMS 0x0000000083900000, 0x0000000083900000| Untracked 
|  26|0x0000000083a00000, 0x0000000083a00000, 0x0000000083b00000|  0%| F|  |TAMS 0x0000000083a00000, 0x0000000083a00000| Untracked 
|  27|0x0000000083b00000, 0x0000000083b00000, 0x0000000083c00000|  0%| F|  |TAMS 0x0000000083b00000, 0x0000000083b00000| Untracked 
|  28|0x0000000083c00000, 0x0000000083c00000, 0x0000000083d00000|  0%| F|  |TAMS 0x0000000083c00000, 0x0000000083c00000| Untracked 
|  29|0x0000000083d00000, 0x0000000083d00000, 0x0000000083e00000|  0%| F|  |TAMS 0x0000000083d00000, 0x0000000083d00000| Untracked 
|  30|0x0000000083e00000, 0x0000000083e10420, 0x0000000083f00000|  6%| S|CS|TAMS 0x0000000083e00000, 0x0000000083e00000| Complete 
|  31|0x0000000083f00000, 0x0000000083f00000, 0x0000000084000000|  0%| F|  |TAMS 0x0000000083f00000, 0x0000000083f00000| Untracked 
|  32|0x0000000084000000, 0x0000000084000000, 0x0000000084100000|  0%| F|  |TAMS 0x0000000084000000, 0x0000000084000000| Untracked 
|  33|0x0000000084100000, 0x0000000084200000, 0x0000000084200000|100%| S|CS|TAMS 0x0000000084100000, 0x0000000084100000| Complete 
|  34|0x0000000084200000, 0x0000000084300000, 0x0000000084300000|100%| S|CS|TAMS 0x0000000084200000, 0x0000000084200000| Complete 
|  35|0x0000000084300000, 0x0000000084400000, 0x0000000084400000|100%| S|CS|TAMS 0x0000000084300000, 0x0000000084300000| Complete 
|  36|0x0000000084400000, 0x0000000084400000, 0x0000000084500000|  0%| F|  |TAMS 0x0000000084400000, 0x0000000084400000| Untracked 
|  37|0x0000000084500000, 0x0000000084500000, 0x0000000084600000|  0%| F|  |TAMS 0x0000000084500000, 0x0000000084500000| Untracked 
|  38|0x0000000084600000, 0x0000000084600000, 0x0000000084700000|  0%| F|  |TAMS 0x0000000084600000, 0x0000000084600000| Untracked 
|  39|0x0000000084700000, 0x0000000084700000, 0x0000000084800000|  0%| F|  |TAMS 0x0000000084700000, 0x0000000084700000| Untracked 
|  40|0x0000000084800000, 0x0000000084900000, 0x0000000084900000|100%| E|  |TAMS 0x0000000084800000, 0x0000000084800000| Complete 
|  41|0x0000000084900000, 0x0000000084a00000, 0x0000000084a00000|100%| E|CS|TAMS 0x0000000084900000, 0x0000000084900000| Complete 
|  42|0x0000000084a00000, 0x0000000084b00000, 0x0000000084b00000|100%| E|CS|TAMS 0x0000000084a00000, 0x0000000084a00000| Complete 
|  43|0x0000000084b00000, 0x0000000084c00000, 0x0000000084c00000|100%| E|CS|TAMS 0x0000000084b00000, 0x0000000084b00000| Complete 
|  44|0x0000000084c00000, 0x0000000084d00000, 0x0000000084d00000|100%| E|CS|TAMS 0x0000000084c00000, 0x0000000084c00000| Complete 
|  45|0x0000000084d00000, 0x0000000084e00000, 0x0000000084e00000|100%| E|CS|TAMS 0x0000000084d00000, 0x0000000084d00000| Complete 
|  46|0x0000000084e00000, 0x0000000084f00000, 0x0000000084f00000|100%| E|CS|TAMS 0x0000000084e00000, 0x0000000084e00000| Complete 
|  47|0x0000000084f00000, 0x0000000085000000, 0x0000000085000000|100%| E|CS|TAMS 0x0000000084f00000, 0x0000000084f00000| Complete 
|  48|0x0000000085000000, 0x0000000085100000, 0x0000000085100000|100%| E|CS|TAMS 0x0000000085000000, 0x0000000085000000| Complete 
|  49|0x0000000085100000, 0x0000000085200000, 0x0000000085200000|100%| E|CS|TAMS 0x0000000085100000, 0x0000000085100000| Complete 
|  50|0x0000000085200000, 0x0000000085300000, 0x0000000085300000|100%| E|CS|TAMS 0x0000000085200000, 0x0000000085200000| Complete 
|  51|0x0000000085300000, 0x0000000085400000, 0x0000000085400000|100%| E|CS|TAMS 0x0000000085300000, 0x0000000085300000| Complete 
|  52|0x0000000085400000, 0x0000000085500000, 0x0000000085500000|100%| E|CS|TAMS 0x0000000085400000, 0x0000000085400000| Complete 
|  53|0x0000000085500000, 0x0000000085600000, 0x0000000085600000|100%| E|CS|TAMS 0x0000000085500000, 0x0000000085500000| Complete 
|  54|0x0000000085600000, 0x0000000085700000, 0x0000000085700000|100%| E|CS|TAMS 0x0000000085600000, 0x0000000085600000| Complete 
|  55|0x0000000085700000, 0x0000000085800000, 0x0000000085800000|100%| E|CS|TAMS 0x0000000085700000, 0x0000000085700000| Complete 
|  56|0x0000000085800000, 0x0000000085900000, 0x0000000085900000|100%| E|CS|TAMS 0x0000000085800000, 0x0000000085800000| Complete 
|  57|0x0000000085900000, 0x0000000085a00000, 0x0000000085a00000|100%| E|CS|TAMS 0x0000000085900000, 0x0000000085900000| Complete 
|  60|0x0000000085c00000, 0x0000000085d00000, 0x0000000085d00000|100%| E|CS|TAMS 0x0000000085c00000, 0x0000000085c00000| Complete 
| 125|0x0000000089d00000, 0x0000000089e00000, 0x0000000089e00000|100%| E|CS|TAMS 0x0000000089d00000, 0x0000000089d00000| Complete 

Card table byte_map: [0x000001a47d070000,0x000001a47d460000] _byte_map_base: 0x000001a47cc60000

Marking Bits (Prev, Next): (CMBitMap*) 0x000001a4773bc7c0, (CMBitMap*) 0x000001a4773bc780
 Prev Bits: [0x000001a40f000000, 0x000001a410f80000)
 Next Bits: [0x000001a47d850000, 0x000001a47f7d0000)

Polling page: 0x000001a477440000

Metaspace:

Usage:
  Non-class:     67.40 MB used.
      Class:     10.00 MB used.
       Both:     77.40 MB used.

Virtual space:
  Non-class space:       72.00 MB reserved,      67.69 MB ( 94%) committed,  9 nodes.
      Class space:        1.00 GB reserved,      10.25 MB (  1%) committed,  1 nodes.
             Both:        1.07 GB reserved,      77.94 MB (  7%) committed. 

Chunk freelists:
   Non-Class:  192.00 KB
       Class:  1.78 MB
        Both:  1.97 MB

MaxMetaspaceSize: unlimited
CompressedClassSpaceSize: 1.00 GB
Initial GC threshold: 21.00 MB
Current GC threshold: 98.38 MB
CDS: off
MetaspaceReclaimPolicy: balanced
 - commit_granule_bytes: 65536.
 - commit_granule_words: 8192.
 - virtual_space_node_default_size: 1048576.
 - enlarge_chunks_in_place: 1.
 - new_chunks_are_fully_committed: 0.
 - uncommit_free_chunks: 1.
 - use_allocation_guard: 0.
 - handle_deallocations: 1.


Internal statistics:

num_allocs_failed_limit: 11.
num_arena_births: 732.
num_arena_deaths: 0.
num_vsnodes_births: 10.
num_vsnodes_deaths: 0.
num_space_committed: 1247.
num_space_uncommitted: 0.
num_chunks_returned_to_freelist: 11.
num_chunks_taken_from_freelist: 3121.
num_chunk_merges: 11.
num_chunk_splits: 2256.
num_chunks_enlarged: 1763.
num_purges: 0.
num_inconsistent_stats: 0.

CodeHeap 'non-profiled nmethods': size=120000Kb used=3553Kb max_used=3553Kb free=116446Kb
 bounds [0x000001a407ad0000, 0x000001a407e50000, 0x000001a40f000000]
CodeHeap 'profiled nmethods': size=120000Kb used=10470Kb max_used=10470Kb free=109529Kb
 bounds [0x000001a4005a0000, 0x000001a400fe0000, 0x000001a407ad0000]
CodeHeap 'non-nmethods': size=5760Kb used=1396Kb max_used=1432Kb free=4363Kb
 bounds [0x000001a400000000, 0x000001a400270000, 0x000001a4005a0000]
 total_blobs=6136 nmethods=5395 adapters=653
 compilation: enabled
              stopped_count=0, restarted_count=0
 full_count=0

Compilation events (20 events):
Event: 13.731 Thread 0x000001a413c85970 6257       3       org.springframework.data.util.Lazy::of (9 bytes)
Event: 13.732 Thread 0x000001a413c85970 nmethod 6257 0x000001a400fd4210 code [0x000001a400fd43c0, 0x000001a400fd4678]
Event: 13.743 Thread 0x000001a413c85970 6258       3       org.springframework.util.ReflectionUtils::makeAccessible (36 bytes)
Event: 13.744 Thread 0x000001a413c85970 nmethod 6258 0x000001a400fd4790 code [0x000001a400fd49c0, 0x000001a400fd5308]
Event: 13.744 Thread 0x000001a413c85970 6259   !   3       org.springframework.util.ConcurrentReferenceHashMap$Segment::restructure (411 bytes)
Event: 13.750 Thread 0x000001a413c85970 nmethod 6259 0x000001a400fd5610 code [0x000001a400fd5a80, 0x000001a400fd84f8]
Event: 13.755 Thread 0x000001a413c85970 6260       3       org.springframework.data.util.Lazy::get (21 bytes)
Event: 13.755 Thread 0x000001a413c85970 nmethod 6260 0x000001a400fd9a90 code [0x000001a400fd9c60, 0x000001a400fda058]
Event: 13.776 Thread 0x000001a413c85970 6261       3       java.util.regex.Pattern::newSlice (181 bytes)
Event: 13.778 Thread 0x000001a413c85970 nmethod 6261 0x000001a400fda190 code [0x000001a400fda4e0, 0x000001a400fdbb48]
Event: 13.785 Thread 0x000001a413c85970 6262       3       java.lang.Character$UnicodeBlock::<init> (17 bytes)
Event: 13.785 Thread 0x000001a413c85970 nmethod 6262 0x000001a400fdc290 code [0x000001a400fdc460, 0x000001a400fdc8f8]
Event: 13.785 Thread 0x000001a413c85970 6263       3       java.lang.Character$Subset::<init> (24 bytes)
Event: 13.786 Thread 0x000001a413c85970 nmethod 6263 0x000001a400fdca90 code [0x000001a400fdcc40, 0x000001a400fdcf08]
Event: 13.786 Thread 0x000001a413c85970 6265       3       java.util.regex.Pattern$TreeInfo::<init> (9 bytes)
Event: 13.787 Thread 0x000001a413c85970 nmethod 6265 0x000001a400fdd010 code [0x000001a400fdd1c0, 0x000001a400fdd398]
Event: 13.787 Thread 0x000001a413c85970 6266       3       java.util.regex.Pattern$GroupHead::<init> (10 bytes)
Event: 13.787 Thread 0x000001a413c85970 nmethod 6266 0x000001a400fdd490 code [0x000001a400fdd640, 0x000001a400fdd878]
Event: 13.787 Thread 0x000001a413c85970 6267       3       java.util.regex.Pattern$GroupTail::<init> (17 bytes)
Event: 13.787 Thread 0x000001a413c85970 nmethod 6267 0x000001a400fdd990 code [0x000001a400fddb40, 0x000001a400fddd78]

GC Heap History (20 events):
Event: 2.402 GC heap before
{Heap before GC invocations=9 (full 0):
 garbage-first heap   total 71680K, used 52446K [0x0000000082000000, 0x0000000100000000)
  region size 1024K, 42 young (43008K), 1 survivors (1024K)
 Metaspace       used 27116K, committed 27328K, reserved 1073152K
  class space    used 3051K, committed 3136K, reserved 1048576K
}
Event: 2.405 GC heap after
{Heap after GC invocations=10 (full 0):
 garbage-first heap   total 71680K, used 12516K [0x0000000082000000, 0x0000000100000000)
  region size 1024K, 2 young (2048K), 2 survivors (2048K)
 Metaspace       used 27116K, committed 27328K, reserved 1073152K
  class space    used 3051K, committed 3136K, reserved 1048576K
}
Event: 3.785 GC heap before
{Heap before GC invocations=10 (full 0):
 garbage-first heap   total 71680K, used 53476K [0x0000000082000000, 0x0000000100000000)
  region size 1024K, 42 young (43008K), 2 survivors (2048K)
 Metaspace       used 33543K, committed 33856K, reserved 1081344K
  class space    used 3920K, committed 4096K, reserved 1048576K
}
Event: 3.795 GC heap after
{Heap after GC invocations=11 (full 0):
 garbage-first heap   total 71680K, used 15882K [0x0000000082000000, 0x0000000100000000)
  region size 1024K, 5 young (5120K), 5 survivors (5120K)
 Metaspace       used 33543K, committed 33856K, reserved 1081344K
  class space    used 3920K, committed 4096K, reserved 1048576K
}
Event: 4.161 GC heap before
{Heap before GC invocations=11 (full 0):
 garbage-first heap   total 71680K, used 24074K [0x0000000082000000, 0x0000000100000000)
  region size 1024K, 14 young (14336K), 5 survivors (5120K)
 Metaspace       used 35574K, committed 35968K, reserved 1081344K
  class space    used 4204K, committed 4416K, reserved 1048576K
}
Event: 4.173 GC heap after
{Heap after GC invocations=12 (full 0):
 garbage-first heap   total 71680K, used 16923K [0x0000000082000000, 0x0000000100000000)
  region size 1024K, 1 young (1024K), 1 survivors (1024K)
 Metaspace       used 35574K, committed 35968K, reserved 1081344K
  class space    used 4204K, committed 4416K, reserved 1048576K
}
Event: 5.379 GC heap before
{Heap before GC invocations=13 (full 0):
 garbage-first heap   total 61440K, used 52763K [0x0000000082000000, 0x0000000100000000)
  region size 1024K, 36 young (36864K), 1 survivors (1024K)
 Metaspace       used 43497K, committed 43968K, reserved 1089536K
  class space    used 5236K, committed 5504K, reserved 1048576K
}
Event: 5.384 GC heap after
{Heap after GC invocations=14 (full 0):
 garbage-first heap   total 61440K, used 19206K [0x0000000082000000, 0x0000000100000000)
  region size 1024K, 4 young (4096K), 4 survivors (4096K)
 Metaspace       used 43497K, committed 43968K, reserved 1089536K
  class space    used 5236K, committed 5504K, reserved 1048576K
}
Event: 6.435 GC heap before
{Heap before GC invocations=14 (full 0):
 garbage-first heap   total 61440K, used 45830K [0x0000000082000000, 0x0000000100000000)
  region size 1024K, 31 young (31744K), 4 survivors (4096K)
 Metaspace       used 53372K, committed 53824K, reserved 1097728K
  class space    used 6441K, committed 6656K, reserved 1048576K
}
Event: 6.439 GC heap after
{Heap after GC invocations=15 (full 0):
 garbage-first heap   total 61440K, used 20861K [0x0000000082000000, 0x0000000100000000)
  region size 1024K, 2 young (2048K), 2 survivors (2048K)
 Metaspace       used 53372K, committed 53824K, reserved 1097728K
  class space    used 6441K, committed 6656K, reserved 1048576K
}
Event: 7.765 GC heap before
{Heap before GC invocations=15 (full 0):
 garbage-first heap   total 61440K, used 40317K [0x0000000082000000, 0x0000000100000000)
  region size 1024K, 23 young (23552K), 2 survivors (2048K)
 Metaspace       used 59714K, committed 60160K, reserved 1105920K
  class space    used 7292K, committed 7552K, reserved 1048576K
}
Event: 7.769 GC heap after
{Heap after GC invocations=16 (full 0):
 garbage-first heap   total 61440K, used 21977K [0x0000000082000000, 0x0000000100000000)
  region size 1024K, 3 young (3072K), 3 survivors (3072K)
 Metaspace       used 59714K, committed 60160K, reserved 1105920K
  class space    used 7292K, committed 7552K, reserved 1048576K
}
Event: 8.455 GC heap before
{Heap before GC invocations=17 (full 0):
 garbage-first heap   total 61440K, used 47577K [0x0000000082000000, 0x0000000100000000)
  region size 1024K, 28 young (28672K), 3 survivors (3072K)
 Metaspace       used 63983K, committed 64448K, reserved 1105920K
  class space    used 7956K, committed 8192K, reserved 1048576K
}
Event: 8.459 GC heap after
{Heap after GC invocations=18 (full 0):
 garbage-first heap   total 61440K, used 23592K [0x0000000082000000, 0x0000000100000000)
  region size 1024K, 3 young (3072K), 3 survivors (3072K)
 Metaspace       used 63983K, committed 64448K, reserved 1105920K
  class space    used 7956K, committed 8192K, reserved 1048576K
}
Event: 9.006 GC heap before
{Heap before GC invocations=18 (full 0):
 garbage-first heap   total 61440K, used 47144K [0x0000000082000000, 0x0000000100000000)
  region size 1024K, 27 young (27648K), 3 survivors (3072K)
 Metaspace       used 69632K, committed 70144K, reserved 1114112K
  class space    used 8766K, committed 9024K, reserved 1048576K
}
Event: 9.010 GC heap after
{Heap after GC invocations=19 (full 0):
 garbage-first heap   total 61440K, used 24609K [0x0000000082000000, 0x0000000100000000)
  region size 1024K, 3 young (3072K), 3 survivors (3072K)
 Metaspace       used 69632K, committed 70144K, reserved 1114112K
  class space    used 8766K, committed 9024K, reserved 1048576K
}
Event: 9.678 GC heap before
{Heap before GC invocations=19 (full 0):
 garbage-first heap   total 61440K, used 49185K [0x0000000082000000, 0x0000000100000000)
  region size 1024K, 27 young (27648K), 3 survivors (3072K)
 Metaspace       used 72890K, committed 73408K, reserved 1114112K
  class space    used 9352K, committed 9600K, reserved 1048576K
}
Event: 9.681 GC heap after
{Heap after GC invocations=20 (full 0):
 garbage-first heap   total 61440K, used 25242K [0x0000000082000000, 0x0000000100000000)
  region size 1024K, 2 young (2048K), 2 survivors (2048K)
 Metaspace       used 72890K, committed 73408K, reserved 1114112K
  class space    used 9352K, committed 9600K, reserved 1048576K
}
Event: 11.042 GC heap before
{Heap before GC invocations=20 (full 0):
 garbage-first heap   total 61440K, used 49818K [0x0000000082000000, 0x0000000100000000)
  region size 1024K, 26 young (26624K), 2 survivors (2048K)
 Metaspace       used 75990K, committed 76480K, reserved 1122304K
  class space    used 9863K, committed 10112K, reserved 1048576K
}
Event: 11.046 GC heap after
{Heap after GC invocations=21 (full 0):
 garbage-first heap   total 61440K, used 26573K [0x0000000082000000, 0x0000000100000000)
  region size 1024K, 4 young (4096K), 4 survivors (4096K)
 Metaspace       used 75990K, committed 76480K, reserved 1122304K
  class space    used 9863K, committed 10112K, reserved 1048576K
}

Deoptimization events (20 events):
Event: 13.629 Thread 0x000001a47737c0d0 Uncommon trap: trap_request=0xffffffde fr.pc=0x000001a407c88cc8 relative=0x00000000000009e8
Event: 13.629 Thread 0x000001a47737c0d0 Uncommon trap: reason=class_check action=maybe_recompile pc=0x000001a407c88cc8 method=org.springframework.util.ConcurrentReferenceHashMap$Segment.findInChain(Lorg/springframework/util/ConcurrentReferenceHashMap$Reference;Ljava/lang/Object;I)Lorg/springfra
Event: 13.629 Thread 0x000001a47737c0d0 DEOPT PACKING pc=0x000001a407c88cc8 sp=0x00000033860fc580
Event: 13.629 Thread 0x000001a47737c0d0 DEOPT UNPACKING pc=0x000001a4000523a3 sp=0x00000033860fc4a8 mode 2
Event: 13.629 Thread 0x000001a47737c0d0 Uncommon trap: trap_request=0xffffffde fr.pc=0x000001a407bda590 relative=0x00000000000000f0
Event: 13.629 Thread 0x000001a47737c0d0 Uncommon trap: reason=class_check action=maybe_recompile pc=0x000001a407bda590 method=org.springframework.util.ConcurrentReferenceHashMap.get(Ljava/lang/Object;)Ljava/lang/Object; @ 14 c2
Event: 13.629 Thread 0x000001a47737c0d0 DEOPT PACKING pc=0x000001a407bda590 sp=0x00000033860fc640
Event: 13.629 Thread 0x000001a47737c0d0 DEOPT UNPACKING pc=0x000001a4000523a3 sp=0x00000033860fc5e0 mode 2
Event: 13.629 Thread 0x000001a47737c0d0 Uncommon trap: trap_request=0xffffffde fr.pc=0x000001a407c88cc8 relative=0x00000000000009e8
Event: 13.629 Thread 0x000001a47737c0d0 Uncommon trap: reason=class_check action=maybe_recompile pc=0x000001a407c88cc8 method=org.springframework.util.ConcurrentReferenceHashMap$Segment.findInChain(Lorg/springframework/util/ConcurrentReferenceHashMap$Reference;Ljava/lang/Object;I)Lorg/springfra
Event: 13.629 Thread 0x000001a47737c0d0 DEOPT PACKING pc=0x000001a407c88cc8 sp=0x00000033860fc580
Event: 13.629 Thread 0x000001a47737c0d0 DEOPT UNPACKING pc=0x000001a4000523a3 sp=0x00000033860fc4a8 mode 2
Event: 13.629 Thread 0x000001a47737c0d0 Uncommon trap: trap_request=0xffffffde fr.pc=0x000001a407bda590 relative=0x00000000000000f0
Event: 13.629 Thread 0x000001a47737c0d0 Uncommon trap: reason=class_check action=maybe_recompile pc=0x000001a407bda590 method=org.springframework.util.ConcurrentReferenceHashMap.get(Ljava/lang/Object;)Ljava/lang/Object; @ 14 c2
Event: 13.629 Thread 0x000001a47737c0d0 DEOPT PACKING pc=0x000001a407bda590 sp=0x00000033860fc640
Event: 13.629 Thread 0x000001a47737c0d0 DEOPT UNPACKING pc=0x000001a4000523a3 sp=0x00000033860fc5e0 mode 2
Event: 13.631 Thread 0x000001a47737c0d0 Uncommon trap: trap_request=0xffffffde fr.pc=0x000001a407c877c4 relative=0x0000000000000504
Event: 13.631 Thread 0x000001a47737c0d0 Uncommon trap: reason=class_check action=maybe_recompile pc=0x000001a407c877c4 method=org.springframework.util.ConcurrentReferenceHashMap$Segment.findInChain(Lorg/springframework/util/ConcurrentReferenceHashMap$Reference;Ljava/lang/Object;I)Lorg/springfra
Event: 13.631 Thread 0x000001a47737c0d0 DEOPT PACKING pc=0x000001a407c877c4 sp=0x00000033860fc4c0
Event: 13.631 Thread 0x000001a47737c0d0 DEOPT UNPACKING pc=0x000001a4000523a3 sp=0x00000033860fc488 mode 2

Classes unloaded (0 events):
No events

Classes redefined (0 events):
No events

Internal exceptions (20 events):
Event: 9.796 Thread 0x000001a47737c0d0 Exception <a 'java/lang/NoSuchMethodError'{0x000000008554cac8}: 'java.lang.Object java.lang.invoke.Invokers$Holder.linkToTargetMethod(java.lang.Object, java.lang.Object, java.lang.Object, java.lang.Object, java.lang.Object, java.lang.Object, int, java.lang.Object)'> (0x000000008554cac8) 
thrown [e:\jenkins\tmp\workspace\build\src\src\hotspot\share\interpreter\linkResolver.cpp, line 766]
Event: 9.829 Thread 0x000001a47737c0d0 Exception <a 'java/lang/NoSuchMethodError'{0x00000000854533f8}: 'void java.lang.invoke.DirectMethodHandle$Holder.invokeInterface(java.lang.Object, java.lang.Object)'> (0x00000000854533f8) 
thrown [e:\jenkins\tmp\workspace\build\src\src\hotspot\share\interpreter\linkResolver.cpp, line 766]
Event: 9.996 Thread 0x000001a47737c0d0 Exception <a 'java/lang/NoSuchMethodError'{0x0000000084ff8000}: 'java.lang.Object java.lang.invoke.DirectMethodHandle$Holder.invokeStatic(java.lang.Object, int, int)'> (0x0000000084ff8000) 
thrown [e:\jenkins\tmp\workspace\build\src\src\hotspot\share\interpreter\linkResolver.cpp, line 766]
Event: 10.118 Thread 0x000001a41740e9f0 Exception <a 'sun/nio/fs/WindowsException'{0x0000000084d595d8}> (0x0000000084d595d8) 
thrown [e:\jenkins\tmp\workspace\build\src\src\hotspot\share\prims\jni.cpp, line 516]
Event: 10.118 Thread 0x000001a41740e9f0 Exception <a 'sun/nio/fs/WindowsException'{0x0000000084d59848}> (0x0000000084d59848) 
thrown [e:\jenkins\tmp\workspace\build\src\src\hotspot\share\prims\jni.cpp, line 516]
Event: 10.164 Thread 0x000001a47737c0d0 Exception <a 'java/lang/NoSuchMethodError'{0x0000000084ded5b0}: 'java.lang.Object java.lang.invoke.DirectMethodHandle$Holder.invokeSpecial(java.lang.Object, java.lang.Object, long, java.lang.Object, java.lang.Object, java.lang.Object, java.lang.Object, java.lang.Object, java.lang.Object, java.lang.Object, java.lang.Object, java.lang.Object)'> (0x0000000084ded5b0) 
thrown [e:\jenkins\tmp\workspace\build\src\src\hotspot\share\interpreter\linkResolver.cpp, line 766]
Event: 10.165 Thread 0x000001a47737c0d0 Exception <a 'java/lang/NoSuchMethodError'{0x0000000084df1da0}: 'java.lang.Object java.lang.invoke.DelegatingMethodHandle$Holder.reinvoke_L(java.lang.Object, long, java.lang.Object, java.lang.Object, java.lang.Object, java.lang.Object, java.lang.Object, java.lang.Object, java.lang.Object, java.lang.Object, java.lang.Object)'> (0x0000000084df1da0) 
thrown [e:\jenkins\tmp\workspace\build\src\src\hotspot\share\interpreter\linkResolver.cpp, line 766]
Event: 10.169 Thread 0x000001a47737c0d0 Exception <a 'java/lang/NoSuchMethodError'{0x0000000084c1ff98}: 'java.lang.Object java.lang.invoke.DirectMethodHandle$Holder.invokeSpecial(java.lang.Object, java.lang.Object, java.lang.Object, java.lang.Object, java.lang.Object, java.lang.Object, java.lang.Object, java.lang.Object, java.lang.Object, java.lang.Object, java.lang.Object)'> (0x0000000084c1ff98) 
thrown [e:\jenkins\tmp\workspace\build\src\src\hotspot\share\interpreter\linkResolver.cpp, line 766]
Event: 10.169 Thread 0x000001a47737c0d0 Exception <a 'java/lang/NoSuchMethodError'{0x0000000084c24658}: 'java.lang.Object java.lang.invoke.Invokers$Holder.linkToTargetMethod(java.lang.Object, java.lang.Object, java.lang.Object, java.lang.Object, java.lang.Object, java.lang.Object, java.lang.Object, java.lang.Object, java.lang.Object, java.lang.Object)'> (0x0000000084c24658) 
thrown [e:\jenkins\tmp\workspace\build\src\src\hotspot\share\interpreter\linkResolver.cpp, line 766]
Event: 10.532 Thread 0x000001a41740e9f0 Exception <a 'sun/nio/fs/WindowsException'{0x000000008482eff8}> (0x000000008482eff8) 
thrown [e:\jenkins\tmp\workspace\build\src\src\hotspot\share\prims\jni.cpp, line 516]
Event: 10.532 Thread 0x000001a41740e9f0 Exception <a 'sun/nio/fs/WindowsException'{0x000000008482f268}> (0x000000008482f268) 
thrown [e:\jenkins\tmp\workspace\build\src\src\hotspot\share\prims\jni.cpp, line 516]
Event: 10.964 Thread 0x000001a41740e9f0 Exception <a 'sun/nio/fs/WindowsException'{0x00000000845b15d8}> (0x00000000845b15d8) 
thrown [e:\jenkins\tmp\workspace\build\src\src\hotspot\share\prims\jni.cpp, line 516]
Event: 10.964 Thread 0x000001a41740e9f0 Exception <a 'sun/nio/fs/WindowsException'{0x00000000845b1848}> (0x00000000845b1848) 
thrown [e:\jenkins\tmp\workspace\build\src\src\hotspot\share\prims\jni.cpp, line 516]
Event: 13.298 Thread 0x000001a47737c0d0 Exception <a 'java/lang/IncompatibleClassChangeError'{0x00000000855feff0}: Found class java.lang.Object, but interface was expected> (0x00000000855feff0) 
thrown [e:\jenkins\tmp\workspace\build\src\src\hotspot\share\interpreter\linkResolver.cpp, line 833]
Event: 13.307 Thread 0x000001a47737c0d0 Exception <a 'java/lang/IncompatibleClassChangeError'{0x00000000854827d0}: Found class java.lang.Object, but interface was expected> (0x00000000854827d0) 
thrown [e:\jenkins\tmp\workspace\build\src\src\hotspot\share\interpreter\linkResolver.cpp, line 833]
Event: 13.360 Thread 0x000001a47737c0d0 Exception <a 'java/lang/IncompatibleClassChangeError'{0x000000008520b120}: Found class java.lang.Object, but interface was expected> (0x000000008520b120) 
thrown [e:\jenkins\tmp\workspace\build\src\src\hotspot\share\interpreter\linkResolver.cpp, line 833]
Event: 13.687 Thread 0x000001a47737c0d0 Exception <a 'java/lang/IncompatibleClassChangeError'{0x0000000084b2adb0}: Found class java.lang.Object, but interface was expected> (0x0000000084b2adb0) 
thrown [e:\jenkins\tmp\workspace\build\src\src\hotspot\share\interpreter\linkResolver.cpp, line 833]
Event: 13.759 Thread 0x000001a47737c0d0 Exception <a 'java/lang/reflect/InvocationTargetException'{0x00000000849ad230}> (0x00000000849ad230) 
thrown [e:\jenkins\tmp\workspace\build\src\src\hotspot\share\runtime\reflection.cpp, line 1121]
Event: 13.786 Thread 0x000001a47737c0d0 Exception <a 'java/lang/NoSuchMethodError'{0x00000000848161a0}: 'int java.lang.invoke.DirectMethodHandle$Holder.invokeStatic(java.lang.Object, java.lang.Object, int)'> (0x00000000848161a0) 
thrown [e:\jenkins\tmp\workspace\build\src\src\hotspot\share\interpreter\linkResolver.cpp, line 766]
Event: 13.793 Thread 0x000001a47737c0d0 Exception <a 'java/lang/IncompatibleClassChangeError'{0x000000008485dda0}: Found class java.lang.Object, but interface was expected> (0x000000008485dda0) 
thrown [e:\jenkins\tmp\workspace\build\src\src\hotspot\share\interpreter\linkResolver.cpp, line 833]

VM Operations (20 events):
Event: 10.197 Executing VM operation: HandshakeAllThreads
Event: 10.197 Executing VM operation: HandshakeAllThreads done
Event: 10.530 Executing VM operation: ICBufferFull
Event: 10.531 Executing VM operation: ICBufferFull done
Event: 10.532 Executing VM operation: ThreadDump
Event: 10.533 Executing VM operation: ThreadDump done
Event: 10.965 Executing VM operation: ThreadDump
Event: 10.966 Executing VM operation: ThreadDump done
Event: 11.042 Executing VM operation: G1CollectForAllocation
Event: 11.046 Executing VM operation: G1CollectForAllocation done
Event: 13.050 Executing VM operation: Cleanup
Event: 13.050 Executing VM operation: Cleanup done
Event: 13.619 Executing VM operation: HandshakeAllThreads
Event: 13.619 Executing VM operation: HandshakeAllThreads done
Event: 13.700 Executing VM operation: HandshakeAllThreads
Event: 13.700 Executing VM operation: HandshakeAllThreads done
Event: 13.700 Executing VM operation: HandshakeAllThreads
Event: 13.701 Executing VM operation: HandshakeAllThreads done
Event: 13.727 Executing VM operation: ICBufferFull
Event: 13.728 Executing VM operation: ICBufferFull done

Events (20 events):
Event: 13.209 loading class java/lang/SafeVarargs done
Event: 13.210 loading class sun/reflect/generics/reflectiveObjects/GenericArrayTypeImpl
Event: 13.210 loading class sun/reflect/generics/reflectiveObjects/GenericArrayTypeImpl done
Event: 13.220 Thread 0x000001a417bc64c0 Thread added: 0x000001a417bc64c0
Event: 13.297 loading class java/util/concurrent/ConcurrentHashMap$TreeNode
Event: 13.297 loading class java/util/concurrent/ConcurrentHashMap$TreeNode done
Event: 13.297 loading class java/util/concurrent/ConcurrentHashMap$TreeBin
Event: 13.297 loading class java/util/concurrent/ConcurrentHashMap$TreeBin done
Event: 13.695 loading class java/lang/Package$1PackageInfoProxy
Event: 13.695 loading class java/lang/Package$1PackageInfoProxy done
Event: 13.717 loading class java/util/stream/ReduceOps$5
Event: 13.718 loading class java/util/stream/ReduceOps$5 done
Event: 13.718 loading class java/util/stream/ReduceOps$CountingSink$OfRef
Event: 13.718 loading class java/util/stream/ReduceOps$CountingSink
Event: 13.718 loading class java/util/stream/ReduceOps$CountingSink done
Event: 13.718 loading class java/util/stream/ReduceOps$CountingSink$OfRef done
Event: 13.781 loading class java/lang/Character$UnicodeBlock
Event: 13.783 loading class java/lang/Character$Subset
Event: 13.783 loading class java/lang/Character$Subset done
Event: 13.783 loading class java/lang/Character$UnicodeBlock done


Dynamic libraries:
0x00007ff72b0b0000 - 0x00007ff72b0be000 	C:\Users\Aashna\Downloads\spring-tool-suite-4-4.13.1.RELEASE-e4.22.0-win32.win32.x86_64.self-extracting\contents\sts-4.13.1.RELEASE\plugins\org.eclipse.justj.openjdk.hotspot.jre.full.win32.x86_64_17.0.1.v20211116-1657\jre\bin\javaw.exe
0x00007ffea8740000 - 0x00007ffea89a8000 	C:\WINDOWS\SYSTEM32\ntdll.dll
0x00007ffea7c50000 - 0x00007ffea7d19000 	C:\WINDOWS\System32\KERNEL32.DLL
0x00007ffea60e0000 - 0x00007ffea64d1000 	C:\WINDOWS\System32\KERNELBASE.dll
0x00007ffea5ed0000 - 0x00007ffea601b000 	C:\WINDOWS\System32\ucrtbase.dll
0x00007ffe86b10000 - 0x00007ffe86b29000 	C:\Users\Aashna\Downloads\spring-tool-suite-4-4.13.1.RELEASE-e4.22.0-win32.win32.x86_64.self-extracting\contents\sts-4.13.1.RELEASE\plugins\org.eclipse.justj.openjdk.hotspot.jre.full.win32.x86_64_17.0.1.v20211116-1657\jre\bin\VCRUNTIME140.dll
0x00007ffe9e680000 - 0x00007ffe9e698000 	C:\Users\Aashna\Downloads\spring-tool-suite-4-4.13.1.RELEASE-e4.22.0-win32.win32.x86_64.self-extracting\contents\sts-4.13.1.RELEASE\plugins\org.eclipse.justj.openjdk.hotspot.jre.full.win32.x86_64_17.0.1.v20211116-1657\jre\bin\jli.dll
0x00007ffea84b0000 - 0x00007ffea8676000 	C:\WINDOWS\System32\USER32.dll
0x00007ffea5ea0000 - 0x00007ffea5ec7000 	C:\WINDOWS\System32\win32u.dll
0x00007ffe941e0000 - 0x00007ffe94473000 	C:\WINDOWS\WinSxS\amd64_microsoft.windows.common-controls_6595b64144ccf1df_6.0.26100.7824_none_3e0870b2e3345462\COMCTL32.dll
0x00007ffea78d0000 - 0x00007ffea7979000 	C:\WINDOWS\System32\msvcrt.dll
0x00007ffea8480000 - 0x00007ffea84ab000 	C:\WINDOWS\System32\GDI32.dll
0x00007ffea5a00000 - 0x00007ffea5b2b000 	C:\WINDOWS\System32\gdi32full.dll
0x00007ffea5c70000 - 0x00007ffea5d13000 	C:\WINDOWS\System32\msvcp_win.dll
0x00007ffea7980000 - 0x00007ffea79b1000 	C:\WINDOWS\System32\IMM32.DLL
0x00007ffe8f570000 - 0x00007ffe8f57c000 	C:\Users\Aashna\Downloads\spring-tool-suite-4-4.13.1.RELEASE-e4.22.0-win32.win32.x86_64.self-extracting\contents\sts-4.13.1.RELEASE\plugins\org.eclipse.justj.openjdk.hotspot.jre.full.win32.x86_64_17.0.1.v20211116-1657\jre\bin\vcruntime140_1.dll
0x00007ffe745e0000 - 0x00007ffe74671000 	C:\Users\Aashna\Downloads\spring-tool-suite-4-4.13.1.RELEASE-e4.22.0-win32.win32.x86_64.self-extracting\contents\sts-4.13.1.RELEASE\plugins\org.eclipse.justj.openjdk.hotspot.jre.full.win32.x86_64_17.0.1.v20211116-1657\jre\bin\msvcp140.dll
0x00007ffe13900000 - 0x00007ffe14546000 	C:\Users\Aashna\Downloads\spring-tool-suite-4-4.13.1.RELEASE-e4.22.0-win32.win32.x86_64.self-extracting\contents\sts-4.13.1.RELEASE\plugins\org.eclipse.justj.openjdk.hotspot.jre.full.win32.x86_64_17.0.1.v20211116-1657\jre\bin\server\jvm.dll
0x00007ffea6b20000 - 0x00007ffea6bd4000 	C:\WINDOWS\System32\ADVAPI32.dll
0x00007ffea6570000 - 0x00007ffea6616000 	C:\WINDOWS\System32\sechost.dll
0x00007ffea7ab0000 - 0x00007ffea7bc8000 	C:\WINDOWS\System32\RPCRT4.dll
0x00007ffea78c0000 - 0x00007ffea78c8000 	C:\WINDOWS\System32\PSAPI.DLL
0x00007ffe94500000 - 0x00007ffe94535000 	C:\WINDOWS\SYSTEM32\WINMM.dll
0x00007ffe94480000 - 0x00007ffe9448b000 	C:\WINDOWS\SYSTEM32\VERSION.dll
0x00007ffe8e650000 - 0x00007ffe8e65a000 	C:\WINDOWS\SYSTEM32\WSOCK32.dll
0x00007ffea64f0000 - 0x00007ffea6564000 	C:\WINDOWS\System32\WS2_32.dll
0x00007ffea3d90000 - 0x00007ffea3dab000 	C:\WINDOWS\SYSTEM32\kernel.appcore.dll
0x00007ffe9e8f0000 - 0x00007ffe9e8fa000 	C:\Users\Aashna\Downloads\spring-tool-suite-4-4.13.1.RELEASE-e4.22.0-win32.win32.x86_64.self-extracting\contents\sts-4.13.1.RELEASE\plugins\org.eclipse.justj.openjdk.hotspot.jre.full.win32.x86_64_17.0.1.v20211116-1657\jre\bin\jimage.dll
0x00007ffe94540000 - 0x00007ffe94782000 	C:\WINDOWS\SYSTEM32\DBGHELP.DLL
0x00007ffea7310000 - 0x00007ffea7696000 	C:\WINDOWS\System32\combase.dll
0x00007ffea6be0000 - 0x00007ffea6cb7000 	C:\WINDOWS\System32\OLEAUT32.dll
0x00007ffe92960000 - 0x00007ffe9299b000 	C:\WINDOWS\SYSTEM32\dbgcore.DLL
0x00007ffea5b30000 - 0x00007ffea5bd5000 	C:\WINDOWS\System32\bcryptPrimitives.dll
0x00007ffe9dcf0000 - 0x00007ffe9dd15000 	C:\Users\Aashna\Downloads\spring-tool-suite-4-4.13.1.RELEASE-e4.22.0-win32.win32.x86_64.self-extracting\contents\sts-4.13.1.RELEASE\plugins\org.eclipse.justj.openjdk.hotspot.jre.full.win32.x86_64_17.0.1.v20211116-1657\jre\bin\java.dll
0x00007ffe9dcd0000 - 0x00007ffe9dce8000 	C:\Users\Aashna\Downloads\spring-tool-suite-4-4.13.1.RELEASE-e4.22.0-win32.win32.x86_64.self-extracting\contents\sts-4.13.1.RELEASE\plugins\org.eclipse.justj.openjdk.hotspot.jre.full.win32.x86_64_17.0.1.v20211116-1657\jre\bin\zip.dll
0x00007ffea7d20000 - 0x00007ffea8472000 	C:\WINDOWS\System32\SHELL32.dll
0x00007ffea5020000 - 0x00007ffea518a000 	C:\WINDOWS\System32\wintypes.dll
0x00007ffea5190000 - 0x00007ffea59f3000 	C:\WINDOWS\System32\windows.storage.dll
0x00007ffea6f30000 - 0x00007ffea7026000 	C:\WINDOWS\System32\SHCORE.dll
0x00007ffea79c0000 - 0x00007ffea7a27000 	C:\WINDOWS\System32\shlwapi.dll
0x00007ffea4f40000 - 0x00007ffea4f69000 	C:\WINDOWS\SYSTEM32\profapi.dll
0x00007ffe9dcb0000 - 0x00007ffe9dcc9000 	C:\Users\Aashna\Downloads\spring-tool-suite-4-4.13.1.RELEASE-e4.22.0-win32.win32.x86_64.self-extracting\contents\sts-4.13.1.RELEASE\plugins\org.eclipse.justj.openjdk.hotspot.jre.full.win32.x86_64_17.0.1.v20211116-1657\jre\bin\net.dll
0x00007ffe9d860000 - 0x00007ffe9d987000 	C:\WINDOWS\SYSTEM32\WINHTTP.dll
0x00007ffea4330000 - 0x00007ffea439b000 	C:\WINDOWS\system32\mswsock.dll
0x00007ffe9dc90000 - 0x00007ffe9dca5000 	C:\Users\Aashna\Downloads\spring-tool-suite-4-4.13.1.RELEASE-e4.22.0-win32.win32.x86_64.self-extracting\contents\sts-4.13.1.RELEASE\plugins\org.eclipse.justj.openjdk.hotspot.jre.full.win32.x86_64_17.0.1.v20211116-1657\jre\bin\nio.dll
0x00007ffe89f70000 - 0x00007ffe89f7e000 	C:\Users\Aashna\Downloads\spring-tool-suite-4-4.13.1.RELEASE-e4.22.0-win32.win32.x86_64.self-extracting\contents\sts-4.13.1.RELEASE\plugins\org.eclipse.justj.openjdk.hotspot.jre.full.win32.x86_64_17.0.1.v20211116-1657\jre\bin\sunmscapi.dll
0x00007ffea5d20000 - 0x00007ffea5e97000 	C:\WINDOWS\System32\CRYPT32.dll
0x00007ffea4820000 - 0x00007ffea4850000 	C:\WINDOWS\SYSTEM32\ncrypt.dll
0x00007ffea47d0000 - 0x00007ffea480f000 	C:\WINDOWS\SYSTEM32\NTASN1.dll
0x00007ffea4600000 - 0x00007ffea461b000 	C:\WINDOWS\SYSTEM32\CRYPTSP.dll
0x00007ffea3cf0000 - 0x00007ffea3d29000 	C:\WINDOWS\system32\rsaenh.dll
0x00007ffea43e0000 - 0x00007ffea440b000 	C:\WINDOWS\SYSTEM32\USERENV.dll
0x00007ffea4f10000 - 0x00007ffea4f3a000 	C:\WINDOWS\SYSTEM32\bcrypt.dll
0x00007ffea4620000 - 0x00007ffea462c000 	C:\WINDOWS\SYSTEM32\CRYPTBASE.dll
0x00007ffea3780000 - 0x00007ffea37b4000 	C:\WINDOWS\SYSTEM32\IPHLPAPI.DLL
0x00007ffea6d80000 - 0x00007ffea6d8a000 	C:\WINDOWS\System32\NSI.dll
0x00007ffe9d3b0000 - 0x00007ffe9d3ce000 	C:\WINDOWS\SYSTEM32\dhcpcsvc6.DLL
0x00007ffe9d2e0000 - 0x00007ffe9d303000 	C:\WINDOWS\SYSTEM32\dhcpcsvc.DLL
0x00007ffea37c0000 - 0x00007ffea38ec000 	C:\WINDOWS\SYSTEM32\DNSAPI.dll
0x00007ffe86d10000 - 0x00007ffe86d19000 	C:\Users\Aashna\Downloads\spring-tool-suite-4-4.13.1.RELEASE-e4.22.0-win32.win32.x86_64.self-extracting\contents\sts-4.13.1.RELEASE\plugins\org.eclipse.justj.openjdk.hotspot.jre.full.win32.x86_64_17.0.1.v20211116-1657\jre\bin\management.dll
0x00007ffe86c30000 - 0x00007ffe86c3b000 	C:\Users\Aashna\Downloads\spring-tool-suite-4-4.13.1.RELEASE-e4.22.0-win32.win32.x86_64.self-extracting\contents\sts-4.13.1.RELEASE\plugins\org.eclipse.justj.openjdk.hotspot.jre.full.win32.x86_64_17.0.1.v20211116-1657\jre\bin\management_ext.dll
0x00007ffe9d1a0000 - 0x00007ffe9d1b0000 	C:\Users\Aashna\Downloads\spring-tool-suite-4-4.13.1.RELEASE-e4.22.0-win32.win32.x86_64.self-extracting\contents\sts-4.13.1.RELEASE\plugins\org.eclipse.justj.openjdk.hotspot.jre.full.win32.x86_64_17.0.1.v20211116-1657\jre\bin\verify.dll
0x00007ffe6cb70000 - 0x00007ffe6cb88000 	C:\WINDOWS\system32\napinsp.dll
0x00007ffe6cbd0000 - 0x00007ffe6cbe2000 	C:\WINDOWS\System32\winrnr.dll
0x00007ffe6cbf0000 - 0x00007ffe6cc12000 	C:\WINDOWS\system32\nlansp_c.dll
0x00007ffe9d3e0000 - 0x00007ffe9d3f6000 	C:\WINDOWS\system32\wshbth.dll
0x00007ffe9e720000 - 0x00007ffe9e72b000 	C:\Windows\System32\rasadhlp.dll
0x00007ffe9ab50000 - 0x00007ffe9abd6000 	C:\WINDOWS\System32\fwpuclnt.dll
0x00007ffe6f440000 - 0x00007ffe6f448000 	C:\WINDOWS\system32\wshunix.dll

dbghelp: loaded successfully - version: 4.0.5 - missing functions: none
symbol engine: initialized successfully - sym options: 0x614 - pdb path: .;C:\Users\Aashna\Downloads\spring-tool-suite-4-4.13.1.RELEASE-e4.22.0-win32.win32.x86_64.self-extracting\contents\sts-4.13.1.RELEASE\plugins\org.eclipse.justj.openjdk.hotspot.jre.full.win32.x86_64_17.0.1.v20211116-1657\jre\bin;C:\WINDOWS\SYSTEM32;C:\WINDOWS\WinSxS\amd64_microsoft.windows.common-controls_6595b64144ccf1df_6.0.26100.7824_none_3e0870b2e3345462;C:\Users\Aashna\Downloads\spring-tool-suite-4-4.13.1.RELEASE-e4.22.0-win32.win32.x86_64.self-extracting\contents\sts-4.13.1.RELEASE\plugins\org.eclipse.justj.openjdk.hotspot.jre.full.win32.x86_64_17.0.1.v20211116-1657\jre\bin\server

VM Arguments:
jvm_args: -Dhikari.data-source-properties.oracle.net.tns_admin=E:\oracle\wallet -Dfile.encoding=UTF-8 -XX:+ShowCodeDetailsInExceptionMessages 
java_command: com.beuticlick.BeutiClickApplication
java_class_path (initial): E:\Beuticlick\beuticlick-backend\target\test-classes;E:\Beuticlick\beuticlick-backend\target\classes;C:\Users\Aashna\.m2\repository\org\springframework\boot\spring-boot-starter-web\3.2.5\spring-boot-starter-web-3.2.5.jar;C:\Users\Aashna\.m2\repository\org\springframework\boot\spring-boot-starter\3.2.5\spring-boot-starter-3.2.5.jar;C:\Users\Aashna\.m2\repository\org\springframework\boot\spring-boot\3.2.5\spring-boot-3.2.5.jar;C:\Users\Aashna\.m2\repository\org\springframework\boot\spring-boot-autoconfigure\3.2.5\spring-boot-autoconfigure-3.2.5.jar;C:\Users\Aashna\.m2\repository\org\springframework\boot\spring-boot-starter-logging\3.2.5\spring-boot-starter-logging-3.2.5.jar;C:\Users\Aashna\.m2\repository\ch\qos\logback\logback-classic\1.4.14\logback-classic-1.4.14.jar;C:\Users\Aashna\.m2\repository\ch\qos\logback\logback-core\1.4.14\logback-core-1.4.14.jar;C:\Users\Aashna\.m2\repository\org\apache\logging\log4j\log4j-to-slf4j\2.21.1\log4j-to-slf4j-2.21.1.jar;C:\Users\Aashna\.m2\repository\org\apache\logging\log4j\log4j-api\2.21.1\log4j-api-2.21.1.jar;C:\Users\Aashna\.m2\repository\org\slf4j\jul-to-slf4j\2.0.13\jul-to-slf4j-2.0.13.jar;C:\Users\Aashna\.m2\repository\jakarta\annotation\jakarta.annotation-api\2.1.1\jakarta.annotation-api-2.1.1.jar;C:\Users\Aashna\.m2\repository\org\springframework\spring-core\6.1.6\spring-core-6.1.6.jar;C:\Users\Aashna\.m2\repository\org\springframework\spring-jcl\6.1.6\spring-jcl-6.1.6.jar;C:\Users\Aashna\.m2\repository\org\yaml\snakeyaml\2.2\snakeyaml-2.2.jar;C:\Users\Aashna\.m2\repository\org\springframework\boot\spring-boot-starter-json\3.2.5\spring-boot-starter-json-3.2.5.jar;C:\Users\Aashna\.m2\repository\com\fasterxml\jackson\core\jackson-databind\2.15.4\jackson-databind-2.15.4.jar;C:\Users\Aashna\.m2\repository\com\fasterxml\jackson\core\jackson-annotations\2.15.4\jackson-annotations-2.15.4.jar;C:\Users\Aashna\.m2\repository\com\fasterxml\jackson\core\jackson-core\2.15.4\jackson-core-2.15.4.jar;C:\User
Launcher Type: SUN_STANDARD

[Global flags]
     intx CICompilerCount                          = 4                                         {product} {ergonomic}
     uint ConcGCThreads                            = 2                                         {product} {ergonomic}
     uint G1ConcRefinementThreads                  = 8                                         {product} {ergonomic}
   size_t G1HeapRegionSize                         = 1048576                                   {product} {ergonomic}
    uintx GCDrainStackTargetSize                   = 64                                        {product} {ergonomic}
   size_t InitialHeapSize                          = 132120576                                 {product} {ergonomic}
   size_t MarkStackSize                            = 4194304                                   {product} {ergonomic}
   size_t MaxHeapSize                              = 2113929216                                {product} {ergonomic}
   size_t MaxNewSize                               = 1267728384                                {product} {ergonomic}
   size_t MinHeapDeltaBytes                        = 1048576                                   {product} {ergonomic}
   size_t MinHeapSize                              = 8388608                                   {product} {ergonomic}
    uintx NonNMethodCodeHeapSize                   = 5839372                                {pd product} {ergonomic}
    uintx NonProfiledCodeHeapSize                  = 122909434                              {pd product} {ergonomic}
    uintx ProfiledCodeHeapSize                     = 122909434                              {pd product} {ergonomic}
    uintx ReservedCodeCacheSize                    = 251658240                              {pd product} {ergonomic}
     bool SegmentedCodeCache                       = true                                      {product} {ergonomic}
     bool ShowCodeDetailsInExceptionMessages       = true                                   {manageable} {command line}
   size_t SoftMaxHeapSize                          = 2113929216                             {manageable} {ergonomic}
     bool UseCompressedClassPointers               = true                           {product lp64_product} {ergonomic}
     bool UseCompressedOops                        = true                           {product lp64_product} {ergonomic}
     bool UseG1GC                                  = true                                      {product} {ergonomic}
     bool UseLargePagesIndividualAllocation        = false                                  {pd product} {ergonomic}

Logging:
Log output configuration:
 #0: stdout all=warning uptime,level,tags
 #1: stderr all=off uptime,level,tags

Environment Variables:
JAVA_HOME=D:\Java\jdk-18.0.2.1
PATH=C:/Users/Aashna/Downloads/spring-tool-suite-4-4.13.1.RELEASE-e4.22.0-win32.win32.x86_64.self-extracting/contents/sts-4.13.1.RELEASE//plugins/org.eclipse.justj.openjdk.hotspot.jre.full.win32.x86_64_17.0.1.v20211116-1657/jre/bin/server;C:/Users/Aashna/Downloads/spring-tool-suite-4-4.13.1.RELEASE-e4.22.0-win32.win32.x86_64.self-extracting/contents/sts-4.13.1.RELEASE//plugins/org.eclipse.justj.openjdk.hotspot.jre.full.win32.x86_64_17.0.1.v20211116-1657/jre/bin;C:\Program Files\Common Files\Oracle\Java\javapath;C:\Program Files (x86)\Common Files\Oracle\Java\javapath;D:\Java\jdk-18.0.2.1\bin;C:\Program Files (x86)\Intel\Intel(R) Management Engine Components\iCLS\;C:\Program Files\Intel\Intel(R) Management Engine Components\iCLS\;C:\WINDOWS\system32;C:\WINDOWS;C:\WINDOWS\System32\Wbem;C:\WINDOWS\System32\WindowsPowerShell\v1.0\;C:\WINDOWS\System32\OpenSSH\;C:\Program Files (x86)\Intel\Intel(R) Management Engine Components\DAL;C:\Program Files\Intel\Intel(R) Management Engine Components\DAL;C:\Program Files (x86)\Intel\Intel(R) Management Engine Components\IPT;C:\Program Files\Intel\Intel(R) Management Engine Components\IPT;C:\Program Files\TortoiseGit\bin;C:\Program Files\Docker\Docker\resources\bin;C:\ProgramData\DockerDesktop\version-bin;C:\Program Files\Amazon\AWSCLIV2\;D:\Program Files\nodejs\;C:\Program Files\Git\cmd;C:\Users\Aashna\.cargo\bin;C:\Users\Aashna\AppData\Local\Microsoft\WindowsApps;C:\Users\Aashna\AppData\Local\Programs\Microsoft VS Code\bin;D:\apache-geode-1.15.1\bin;D:\Java\jdk-18.0.2.1\bin;C:\Users\Aashna\AppData\Roaming\npm;;C:\Program Files\JetBrains\IntelliJ IDEA 2025.1.4.1\bin;;C:\Users\Aashna\Downloads\spring-tool-suite-4-4.13.1.RELEASE-e4.22.0-win32.win32.x86_64.self-extracting\contents\sts-4.13.1.RELEASE;
USERNAME=Aashna
OS=Windows_NT
PROCESSOR_IDENTIFIER=Intel64 Family 6 Model 142 Stepping 10, GenuineIntel



---------------  S Y S T E M  ---------------

OS:
 Windows 10 , 64 bit Build 26100 (10.0.26100.7705)
OS uptime: 0 days 4:36 hours
Hyper-V role detected

CPU: total 8 (initial active 8) (4 cores per cpu, 2 threads per core) family 6 model 142 stepping 10 microcode 0xe0, cx8, cmov, fxsr, ht, mmx, 3dnowpref, sse, sse2, sse3, ssse3, sse4.1, sse4.2, popcnt, lzcnt, tsc, tscinvbit, avx, avx2, aes, erms, clmul, bmi1, bmi2, adx, fma, vzeroupper, clflush, clflushopt, hv

Memory: 4k page, system-wide physical 8063M (587M free)
TotalPageFile size 13126M (AvailPageFile size 9M)
current process WorkingSet (physical memory assigned to process): 298M, peak: 306M
current process commit charge ("private bytes"): 325M, peak: 333M

vm_info: OpenJDK 64-Bit Server VM (17.0.1+12) for windows-amd64 JRE (17.0.1+12), built on Oct 20 2021 07:42:55 by "" with MS VC++ 16.7 (VS2019)

END.
